<?xml version="1.0" encoding="UTF-8"?>
<testsuite name="Comprar productos" tests="3" skipped="0" failures="0" errors="0" timestamp="2020-04-24T23:14:13" hostname="GS-0004" time="60.335">
  <properties/>
  <testcase name="Compra exitosa de un producto en Saucedemo." classname="Comprar productos" time="18.434"/>
  <testcase name="Compra exitosa de un producto en Saucedemo." classname="Comprar productos" time="17.316"/>
  <testcase name="Compra exitosa de un producto en Saucedemo." classname="Comprar productos" time="24.546"/>
  <system-out><![CDATA[]]></system-out>
  <system-err><![CDATA[abr 24, 2020 6:14:13 PM org.openqa.selenium.remote.DesiredCapabilities chrome
INFORMACIÓN: Using `new ChromeOptions()` is preferred to `DesiredCapabilities.chrome()`
[1587770057.538][WARNING]: Timed out connecting to Chrome, retrying...
abr 24, 2020 6:14:19 PM org.openqa.selenium.remote.ProtocolHandshake createSession
INFORMACIÓN: Detected dialect: OSS
[Test worker] INFO net.serenitybdd.core.Serenity - 
        __    _____ _____ ____ _____   ____   _    ____  ____  _____ ____  
  _     \ \  |_   _| ____/ ___|_   _| |  _ \ / \  / ___|/ ___|| ____|  _ \ 
 (_)_____| |   | | |  _| \___ \ | |   | |_) / _ \ \___ \\___ \|  _| | | | |
  _|_____| |   | | | |___ ___) || |   |  __/ ___ \ ___) |___) | |___| |_| |
 (_)     | |   |_| |_____|____/ |_|   |_| /_/   \_\____/|____/|_____|____/ 
        /_/                                                                

TEST PASSED: Compra exitosa de un producto en Saucedemo.
----------------------------------------------------------------------------
abr 24, 2020 6:14:31 PM org.openqa.selenium.remote.DesiredCapabilities chrome
INFORMACIÓN: Using `new ChromeOptions()` is preferred to `DesiredCapabilities.chrome()`
[1587770076.118][WARNING]: Timed out connecting to Chrome, retrying...
abr 24, 2020 6:14:38 PM org.openqa.selenium.remote.ProtocolHandshake createSession
INFORMACIÓN: Detected dialect: OSS
[Test worker] INFO net.serenitybdd.core.Serenity - 
        __    _____ _____ ____ _____   ____   _    ____  ____  _____ ____  
  _     \ \  |_   _| ____/ ___|_   _| |  _ \ / \  / ___|/ ___|| ____|  _ \ 
 (_)_____| |   | | |  _| \___ \ | |   | |_) / _ \ \___ \\___ \|  _| | | | |
  _|_____| |   | | | |___ ___) || |   |  __/ ___ \ ___) |___) | |___| |_| |
 (_)     | |   |_| |_____|____/ |_|   |_| /_/   \_\____/|____/|_____|____/ 
        /_/                                                                

TEST PASSED: Compra exitosa de un producto en Saucedemo.
----------------------------------------------------------------------------
abr 24, 2020 6:14:49 PM org.openqa.selenium.remote.DesiredCapabilities chrome
INFORMACIÓN: Using `new ChromeOptions()` is preferred to `DesiredCapabilities.chrome()`
[1587770093.422][WARNING]: Timed out connecting to Chrome, retrying...
abr 24, 2020 6:14:55 PM org.openqa.selenium.remote.ProtocolHandshake createSession
INFORMACIÓN: Detected dialect: OSS
[Test worker] INFO net.serenitybdd.core.Serenity - 
        __    _____ _____ ____ _____   ____   _    ____  ____  _____ ____  
  _     \ \  |_   _| ____/ ___|_   _| |  _ \ / \  / ___|/ ___|| ____|  _ \ 
 (_)_____| |   | | |  _| \___ \ | |   | |_) / _ \ \___ \\___ \|  _| | | | |
  _|_____| |   | | | |___ ___) || |   |  __/ ___ \ ___) |___) | |___| |_| |
 (_)     | |   |_| |_____|____/ |_|   |_| /_/   \_\____/|____/|_____|____/ 
        /_/                                                                

TEST PASSED: Compra exitosa de un producto en Saucedemo.
----------------------------------------------------------------------------
]]></system-err>
</testsuite>
