<?xml version="1.0" encoding="UTF-8"?>
<testsuite name="Comprar productos" tests="3" skipped="0" failures="0" errors="0" timestamp="2020-04-24T17:46:20" hostname="GS-0004" time="56.414">
  <properties/>
  <testcase name="Compra exitosa de un producto en Saucedemo." classname="Comprar productos" time="18.06"/>
  <testcase name="Compra exitosa de un producto en Saucedemo." classname="Comprar productos" time="15.223"/>
  <testcase name="Compra exitosa de un producto en Saucedemo." classname="Comprar productos" time="23.12"/>
  <system-out><![CDATA[]]></system-out>
  <system-err><![CDATA[abr 24, 2020 12:46:20 PM org.openqa.selenium.remote.DesiredCapabilities chrome
INFORMACIÓN: Using `new ChromeOptions()` is preferred to `DesiredCapabilities.chrome()`
[1587750383.581][WARNING]: Timed out connecting to Chrome, retrying...
abr 24, 2020 12:46:25 PM org.openqa.selenium.remote.ProtocolHandshake createSession
INFORMACIÓN: Detected dialect: OSS
[Test worker] INFO net.serenitybdd.core.Serenity - 
        __    _____ _____ ____ _____   ____   _    ____  ____  _____ ____  
  _     \ \  |_   _| ____/ ___|_   _| |  _ \ / \  / ___|/ ___|| ____|  _ \ 
 (_)_____| |   | | |  _| \___ \ | |   | |_) / _ \ \___ \\___ \|  _| | | | |
  _|_____| |   | | | |___ ___) || |   |  __/ ___ \ ___) |___) | |___| |_| |
 (_)     | |   |_| |_____|____/ |_|   |_| /_/   \_\____/|____/|_____|____/ 
        /_/                                                                

TEST PASSED: Compra exitosa de un producto en Saucedemo.
----------------------------------------------------------------------------
abr 24, 2020 12:46:38 PM org.openqa.selenium.remote.DesiredCapabilities chrome
INFORMACIÓN: Using `new ChromeOptions()` is preferred to `DesiredCapabilities.chrome()`
[1587750402.468][WARNING]: Timed out connecting to Chrome, retrying...
abr 24, 2020 12:46:44 PM org.openqa.selenium.remote.ProtocolHandshake createSession
INFORMACIÓN: Detected dialect: OSS
[Test worker] INFO net.serenitybdd.core.Serenity - 
        __    _____ _____ ____ _____   ____   _    ____  ____  _____ ____  
  _     \ \  |_   _| ____/ ___|_   _| |  _ \ / \  / ___|/ ___|| ____|  _ \ 
 (_)_____| |   | | |  _| \___ \ | |   | |_) / _ \ \___ \\___ \|  _| | | | |
  _|_____| |   | | | |___ ___) || |   |  __/ ___ \ ___) |___) | |___| |_| |
 (_)     | |   |_| |_____|____/ |_|   |_| /_/   \_\____/|____/|_____|____/ 
        /_/                                                                

TEST PASSED: Compra exitosa de un producto en Saucedemo.
----------------------------------------------------------------------------
abr 24, 2020 12:46:53 PM org.openqa.selenium.remote.DesiredCapabilities chrome
INFORMACIÓN: Using `new ChromeOptions()` is preferred to `DesiredCapabilities.chrome()`
[1587750417.429][WARNING]: Timed out connecting to Chrome, retrying...
abr 24, 2020 12:46:59 PM org.openqa.selenium.remote.ProtocolHandshake createSession
INFORMACIÓN: Detected dialect: OSS
[Test worker] INFO net.serenitybdd.core.Serenity - 
        __    _____ _____ ____ _____   ____   _    ____  ____  _____ ____  
  _     \ \  |_   _| ____/ ___|_   _| |  _ \ / \  / ___|/ ___|| ____|  _ \ 
 (_)_____| |   | | |  _| \___ \ | |   | |_) / _ \ \___ \\___ \|  _| | | | |
  _|_____| |   | | | |___ ___) || |   |  __/ ___ \ ___) |___) | |___| |_| |
 (_)     | |   |_| |_____|____/ |_|   |_| /_/   \_\____/|____/|_____|____/ 
        /_/                                                                

TEST PASSED: Compra exitosa de un producto en Saucedemo.
----------------------------------------------------------------------------
]]></system-err>
</testsuite>
