<?xml version="1.0" encoding="UTF-8"?>
<testsuite name="Autenticación en Saucedemo" tests="2" skipped="0" failures="0" errors="0" timestamp="2020-04-24T17:45:54" hostname="GS-0004" time="26.198">
  <properties/>
  <testcase name="Autenticacion exitosa en Saucedemo." classname="Autenticación en Saucedemo" time="16.157"/>
  <testcase name="Autenticacion fallida  en Saucedemo." classname="Autenticación en Saucedemo" time="10.034"/>
  <system-out><![CDATA[]]></system-out>
  <system-err><![CDATA[abr 24, 2020 12:45:55 PM org.openqa.selenium.remote.DesiredCapabilities chrome
INFORMACIÓN: Using `new ChromeOptions()` is preferred to `DesiredCapabilities.chrome()`
Starting ChromeDriver 2.39.562718 (9a2698cba08cf5a471a29d30c8b3e12becabb0e9) on port 42272
Only local connections are allowed.
[1587750359.873][WARNING]: Timed out connecting to Chrome, retrying...
abr 24, 2020 12:46:01 PM org.openqa.selenium.remote.ProtocolHandshake createSession
INFORMACIÓN: Detected dialect: OSS
[Test worker] INFO net.serenitybdd.core.Serenity - 
        __    _____ _____ ____ _____   ____   _    ____  ____  _____ ____  
  _     \ \  |_   _| ____/ ___|_   _| |  _ \ / \  / ___|/ ___|| ____|  _ \ 
 (_)_____| |   | | |  _| \___ \ | |   | |_) / _ \ \___ \\___ \|  _| | | | |
  _|_____| |   | | | |___ ___) || |   |  __/ ___ \ ___) |___) | |___| |_| |
 (_)     | |   |_| |_____|____/ |_|   |_| /_/   \_\____/|____/|_____|____/ 
        /_/                                                                

TEST PASSED: Autenticacion exitosa en Saucedemo.
----------------------------------------------------------------------------
abr 24, 2020 12:46:10 PM org.openqa.selenium.remote.DesiredCapabilities chrome
INFORMACIÓN: Using `new ChromeOptions()` is preferred to `DesiredCapabilities.chrome()`
[1587750374.009][WARNING]: Timed out connecting to Chrome, retrying...
abr 24, 2020 12:46:16 PM org.openqa.selenium.remote.ProtocolHandshake createSession
INFORMACIÓN: Detected dialect: OSS
[Test worker] INFO net.serenitybdd.core.Serenity - 
        __    _____ _____ ____ _____   ____   _    ____  ____  _____ ____  
  _     \ \  |_   _| ____/ ___|_   _| |  _ \ / \  / ___|/ ___|| ____|  _ \ 
 (_)_____| |   | | |  _| \___ \ | |   | |_) / _ \ \___ \\___ \|  _| | | | |
  _|_____| |   | | | |___ ___) || |   |  __/ ___ \ ___) |___) | |___| |_| |
 (_)     | |   |_| |_____|____/ |_|   |_| /_/   \_\____/|____/|_____|____/ 
        /_/                                                                

TEST PASSED: Autenticacion fallida  en Saucedemo.
----------------------------------------------------------------------------
]]></system-err>
</testsuite>
